<?xml version="1.0" encoding="UTF-8"?>
<testsuite name="Ex_02.StringUtilsTest" tests="1" skipped="0" failures="0" errors="0" timestamp="2024-01-08T20:22:59" hostname="DESKTOP-6G195FG" time="0.003">
  <properties/>
  <testcase name="palindromeTest()" classname="Ex_02.StringUtilsTest" time="0.003"/>
  <system-out><![CDATA[]]></system-out>
  <system-err><![CDATA[]]></system-err>
</testsuite>
