<?xml version="1.0" encoding="UTF-8"?>
<testsuite name="Ex_01.CalculatorTest" tests="5" skipped="0" failures="0" errors="0" timestamp="2024-01-08T20:22:59" hostname="DESKTOP-6G195FG" time="0.048">
  <properties/>
  <testcase name="divideTest()" classname="Ex_01.CalculatorTest" time="0.036"/>
  <testcase name="testDivideByZero()" classname="Ex_01.CalculatorTest" time="0.005"/>
  <testcase name="addTest()" classname="Ex_01.CalculatorTest" time="0.0"/>
  <testcase name="multiplyTest()" classname="Ex_01.CalculatorTest" time="0.0"/>
  <testcase name="subtractTest()" classname="Ex_01.CalculatorTest" time="0.001"/>
  <system-out><![CDATA[]]></system-out>
  <system-err><![CDATA[]]></system-err>
</testsuite>
